<?xml version="1.0" encoding="UTF-8"?>
<!-- Generated by org.testng.reporters.JUnitReportReporter -->
<testsuite hostname="LAPTOP-A03C49Q0" failures="0" tests="4" name="test.RedtestNG" time="32.896" errors="0" timestamp="2022-02-12T00:26:29 IST" skipped="0">
  <testcase classname="test.RedtestNG" name="test1" time="9.830"/>
  <system-out/>
  <testcase classname="test.RedtestNG" name="test2" time="7.202"/>
  <system-out/>
  <testcase classname="test.RedtestNG" name="test2" time="9.619"/>
  <system-out/>
  <testcase classname="test.RedtestNG" name="test1" time="6.245"/>
  <system-out/>
</testsuite> <!-- test.RedtestNG -->
