<?xml version="1.0" encoding="UTF-8"?>
<!-- Generated by org.testng.reporters.JUnitReportReporter -->
<testsuite hostname="LAPTOP-A03C49Q0" failures="0" tests="1" name="test.testng" time="0.012" errors="0" timestamp="2022-02-05T21:11:20 IST" skipped="0">
  <testcase classname="test.testng" name="test1" time="0.012"/>
  <system-out/>
</testsuite> <!-- test.testng -->
