<?xml version="1.0" encoding="UTF-8"?>
<!-- Generated by org.testng.reporters.JUnitReportReporter -->
<testsuite hostname="LAPTOP-A03C49Q0" failures="0" tests="1" name="RedBussuite.NewTest" time="0.006" errors="0" timestamp="2022-02-11T21:50:22 IST" skipped="0">
  <testcase classname="RedBussuite.NewTest" name="f" time="0.006"/>
  <system-out/>
</testsuite> <!-- RedBussuite.NewTest -->
